1 10 20
100 200 125
201 210 89
900 1000 174
456890 565476 470
353189 604009 470
546784 674396 509
3454 4635 238
545465 590465 452
328259 675238 509
734970 817067 468
646728 968332 525
540986 650765 509
217928 483967 449
226972 866449 525
57838 806545 509
727586 226274 509
65632 597213 470
956260 495886 525
245058 652713 509
682236 190586 509
949121 370126 525
773654 7264 509
544709 67347 470
178781 194172 365
910355 504236 525
827424 736905 468
991619 485017 525
823456 370086 509
982542 567082 525
26743 958420 525
1945 583733 470
679102 204869 509
225494 670579 509
10681 497626 449
578397 34347 470
262798 156499 443
310782 214114 443
208800 111823 383
123741 417303 449
175049 266261 443
336944 475835 449
840513 549193 525
200733 358193 443
242892 152489 443
422929 511612 444
688666 241107 509
968801 732459 525
986467 8122 525
574204 11763 470
861820 193048 525
112724 994917 525
33565 345685 443
984072 947292 458
335314 200545 443
307575 769708 509
17445 376688 443
316042 971610 525
739314 564889 509
986621 959562 458
934081 631894 525
192012 206030 360
428893 367467 449
329710 332787 353
200942 924730 525
841032 577380 525
575579 195276 470
199917 671835 509
524964 823730 509
578519 358903 470
521840 269586 470
576720 247865 470
869102 672633 525
803568 905368 525
159398 912057 525
703667 787774 504
410752 764239 509
929021 185087 525
497812 572734 470
259845 109152 443
327774 377583 441
288114 966894 525
216522 891804 525
951085 473242 525
423691 719779 509
276614 675801 509
413519 68125 449
443740 84802 449
208189 91796 383
64804 590230 470
87688 875990 525
576547 170131 470
517638 597083 452
26856 894425 525
624074 590958 447
317184 58345 443
710539 673827 504
290085 663566 509
42580 970093 525
620939 635691 509
799642 143261 509
165457 594782 470
684987 473446 509
982656 102802 525
27365 526865 470
444654 382351 449
665944 181468 509
357605 456023 449
293931 681314 509
715318 916790 525
595541 939625 525
209423 409324 443
81572 973247 525
523828 982623 525
759369 885058 525
