15687 214895 383
287557 354059 441
830004 291943 509
265326 63330 443
979629 218337 525
172543 73302 383
484046 975203 525
925645 817473 525
935370 373730 525
977419 949474 458
707823 516843 509
594055 769548 509
678285 608096 509
869338 743672 525
1154 992343 525
781648 688279 504
384230 929398 525
281056 268113 407
830096 837614 419
225570 986373 525
184572 467947 449
631990 32301 509
837677 586853 509
235381 104892 443
645385 783826 504
842565 127949 525
895238 810326 525
166742 120591 383
200524 790528 509
439517 362447 449
451974 403840 449
572849 990651 525
616779 15533 470
53781 993102 525
140468 646502 509
206609 396654 443
730833 830809 468
483540 545015 470
633818 476676 509
186751 808170 509
403831 773444 509
244302 561375 470
662982 514628 509
909082 768825 525
154592 787237 509
989955 497325 525
95274 699537 509
552182 192434 470
404586 560538 470
451851 509524 444
611149 7918 470
960876 822815 525
843958 8377 525
966611 144818 525
590907 37208 470
931201 932181 308
451008 481239 444
258112 32917 443
3101 408336 443
841896 30264 525
434514 337530 449
92147 315922 443
153230 897558 525
457373 356373 449
183868 58086 383
928328 981031 507
430443 804354 509
705152 126407 509
926844 617394 525
205630 746324 509
754277 92497 509
535470 195433 470
360588 608632 470
749492 576317 509
851512 182408 525
180299 431826 449
293775 32508 443
925655 358111 525
823371 781143 468
360165 288399 441
449760 290268 449
862795 603655 525
502328 29534 449
497664 200469 449
427267 383501 449
885663 576185 525
425549 848013 525
355573 365665 410
725639 222555 509
889931 410481 525
643420 292655 509
867897 328561 525
914244 76368 525
765854 183440 509
480711 8396 449
226114 134088 386
519745 655642 509
966984 6286 525
389571 987082 525
449733 238570 449
526774 632996 509
918786 668189 525
136822 11133 354
467529 486911 413
132915 57697 354
773236 233640 509
647923 5195 509
694781 736472 504
648623 780169 504
233647 794321 509
826396 195014 509
819251 770937 468
392304 617090 470
448826 73832 449
474669 198433 449
154653 445056 449
4161 24852 282
246582 718256 509
149791 767387 509
753327 309817 509
486564 385322 449
260615 67345 443
619914 269605 470
61597 470607 449
806764 670723 504
305926 902926 525
723217 545654 509
475394 59641 449
151021 874325 525
143462 542486 470
336053 636764 509
11446 359748 443
264251 345984 441
890124 618607 525
611398 997105 525
867499 900192 445
598955 427187 470
171949 720606 509
816722 808551 406
244540 504236 449
693963 178336 509
839424 280640 525
463446 975533 525
702043 653622 442
708600 643942 504
353701 560075 470
698402 558146 509
165828 552491 470
85310 906581 525
934690 142090 525
607820 703672 509
611494 187461 470
594904 822222 509
984386 796358 525
451164 453681 369
80748 931844 525
804161 856695 525
710984 572059 509
384544 167438 443
312018 77588 443
474779 968712 525
845129 485250 525
95900 409839 443
57649 133876 354
131857 128571 344
536620 782084 509
819776 8994 509
393192 674040 509
535406 902491 525
52312 975168 525
30141 724844 509
153484 130973 375
381244 768054 509
225357 778955 509
525678 263919 470
102064 986209 525
608997 674495 509
883107 226770 525
35275 458663 449
130276 631006 509
782073 657814 504
124935 293890 443
114412 218760 386
440909 559627 470
416699 973484 525
255352 478907 449
902329 59027 525
418668 579174 470
328444 912376 525
478542 102118 449
739757 567350 509
780354 961366 525
996451 859802 507
808716 315858 509
971810 774513 525
86728 715538 509
201713 846854 525
756588 358730 509
462341 107148 449
153139 319647 443
