1 10 20
100 200 125
201 210 89
900 1000 174
1 1 1
2 2 2
3 3 8
5 5 6
10 10 7
871 871 179
50 50 25
999999 999999 259
1 999999 525
999999 1 525
603644 312119 470
577207 753738 509
144895 782138 509
558820 217662 470
314688 145193 443
233207 347115 441
558285 252584 470
585762 263943 470
379437 157859 443
74403 862044 525
128042 877753 525
12998 903609 525
928037 731226 525
213058 836801 509
492571 497257 426
104850 223702 386
788757 118989 509
194037 744279 509
218545 405006 443
402696 245708 441
684312 8668 509
490835 218729 449
704522 977994 525
446992 375430 449
543748 111879 470
784663 600810 509
3795 246405 443
77807 826322 509
285581 141920 443
922629 938962 476
142160 487887 449
490367 579574 470
461897 355606 449
251548 882219 525
561849 377860 470
30132 746833 509
772474 124026 509
609447 729975 509
349948 677315 509
21416 501527 449
312235 592448 470
791250 800979 468
18548 839474 525
535047 839868 525
46079 114867 354
340274 568885 470
705317 874056 525
427197 304311 449
918308 691637 525
825702 60227 509
515564 510812 470
814674 581592 509
828346 671209 504
279879 890946 525
715955 324073 509
25371 559361 470
629072 774940 504
884241 444538 525
466281 981657 525
554403 953301 525
557872 926164 525
343832 896294 525
496418 242705 449
827915 17973 509
697318 337214 509
579985 784272 509
696715 548576 509
47281 199281 383
120592 256568 443
971130 399086 525
59692 860553 525
932815 58810 525
934362 924723 476
275843 167314 443
810606 438901 509
969680 407973 525
631059 344024 509
697373 581424 509
887122 399296 525
935769 253408 525
830627 945335 525
411133 753505 509
845717 991697 476
690882 478857 509
642598 579455 509
265764 576956 470
393778 243613 441
940952 246914 525
528214 781580 509
997743 469399 525
365055 350993 410
859336 561000 525
550832 612949 434
126929 800033 509
795636 904532 525
605764 89092 470
696684 253954 509
396513 859468 525
903192 930585 476
901199 11641 525
107185 199376 383
196102 366231 443
732098 88598 509
524872 642498 509
387446 586877 470
925467 691125 525
760251 507659 509
69022 230699 443
287693 257909 407
634468 601504 509
312779 391230 441
722578 883304 525
395618 790613 509
166687 610363 470
14118 389596 443
495038 707977 509
84805 527515 470
802514 897599 525
821621 854028 525
988554 387156 525
449099 913377 525
177986 892281 525
753118 899636 525
814713 114726 509
327986 496820 449
109096 985927 525
737379 412642 509
294561 853490 525
976573 563076 525
909362 490807 525
454553 617587 470
919516 424946 525
64407 292602 443
412302 124082 449
624513 897113 525
86931 390624 443

